0 info it worked if it ends with ok
1 verbose cli [ '/usr/local/bin/node', '/usr/local/bin/npm', 'run', 'startfe' ]
2 info using npm@3.10.10
3 info using node@v6.10.1
4 verbose run-script [ 'prestartfe', 'startfe', 'poststartfe' ]
5 info lifecycle video-node-demo@1.0.0~prestartfe: video-node-demo@1.0.0
6 silly lifecycle video-node-demo@1.0.0~prestartfe: no script for prestartfe, continuing
7 info lifecycle video-node-demo@1.0.0~startfe: video-node-demo@1.0.0
8 verbose lifecycle video-node-demo@1.0.0~startfe: unsafe-perm in lifecycle true
9 verbose lifecycle video-node-demo@1.0.0~startfe: PATH: /usr/local/lib/node_modules/npm/bin/node-gyp-bin:/Users/flyingliu/Desktop/node/video-node-demo/node_modules/.bin:/usr/local/bin:/usr/bin:/bin:/usr/sbin:/sbin
10 verbose lifecycle video-node-demo@1.0.0~startfe: CWD: /Users/flyingliu/Desktop/node/video-node-demo
11 silly lifecycle video-node-demo@1.0.0~startfe: Args: [ '-c', 'webpack-dev-server' ]
12 silly lifecycle video-node-demo@1.0.0~startfe: Returned: code: 1  signal: null
13 info lifecycle video-node-demo@1.0.0~startfe: Failed to exec startfe script
14 verbose stack Error: video-node-demo@1.0.0 startfe: `webpack-dev-server`
14 verbose stack Exit status 1
14 verbose stack     at EventEmitter.<anonymous> (/usr/local/lib/node_modules/npm/lib/utils/lifecycle.js:255:16)
14 verbose stack     at emitTwo (events.js:106:13)
14 verbose stack     at EventEmitter.emit (events.js:191:7)
14 verbose stack     at ChildProcess.<anonymous> (/usr/local/lib/node_modules/npm/lib/utils/spawn.js:40:14)
14 verbose stack     at emitTwo (events.js:106:13)
14 verbose stack     at ChildProcess.emit (events.js:191:7)
14 verbose stack     at maybeClose (internal/child_process.js:886:16)
14 verbose stack     at Process.ChildProcess._handle.onexit (internal/child_process.js:226:5)
15 verbose pkgid video-node-demo@1.0.0
16 verbose cwd /Users/flyingliu/Desktop/node/video-node-demo
17 error Darwin 16.5.0
18 error argv "/usr/local/bin/node" "/usr/local/bin/npm" "run" "startfe"
19 error node v6.10.1
20 error npm  v3.10.10
21 error code ELIFECYCLE
22 error video-node-demo@1.0.0 startfe: `webpack-dev-server`
22 error Exit status 1
23 error Failed at the video-node-demo@1.0.0 startfe script 'webpack-dev-server'.
23 error Make sure you have the latest version of node.js and npm installed.
23 error If you do, this is most likely a problem with the video-node-demo package,
23 error not with npm itself.
23 error Tell the author that this fails on your system:
23 error     webpack-dev-server
23 error You can get information on how to open an issue for this project with:
23 error     npm bugs video-node-demo
23 error Or if that isn't available, you can get their info via:
23 error     npm owner ls video-node-demo
23 error There is likely additional logging output above.
24 verbose exit [ 1, true ]
